Mon Mar 28 22:47:01 BRT 2022ms: 613.Cálculo salário por hora
Mon Mar 28 22:47:01 BRT 2022ms: 663.Possui direito a Férias
Mon Mar 28 22:47:01 BRT 2022ms: 664.Cálculo salário fixo
Mon Mar 28 22:47:01 BRT 2022ms: 665.Possui direito a Férias
Mon Mar 28 22:47:01 BRT 2022ms: 667.Sem calculo, não recebe
Mon Mar 28 22:47:01 BRT 2022ms: 668.Não possui direito a Férias
Mon Mar 28 22:47:01 BRT 2022ms: 669.Cálculo salário por comissão
Mon Mar 28 22:47:01 BRT 2022ms: 670.Não possui direito a Férias
Mon Mar 28 22:47:01 BRT 2022ms: 670.Cálculo salário fixo
Mon Mar 28 22:47:01 BRT 2022ms: 671.Possui direito a Férias
Mon Mar 28 22:52:40 BRT 2022ms: 71.Cálculo salário por hora
Mon Mar 28 22:52:40 BRT 2022ms: 123.Possui direito a Férias
Mon Mar 28 22:52:40 BRT 2022ms: 131.Cálculo salário fixo
Mon Mar 28 22:52:40 BRT 2022ms: 132.Possui direito a Férias
Mon Mar 28 22:52:40 BRT 2022ms: 134.Sem calculo, não recebe
Mon Mar 28 22:52:40 BRT 2022ms: 135.Não possui direito a Férias
Mon Mar 28 22:52:40 BRT 2022ms: 137.Cálculo salário por comissão
Mon Mar 28 22:52:40 BRT 2022ms: 138.Não possui direito a Férias
Mon Mar 28 22:52:40 BRT 2022ms: 139.Cálculo salário fixo
Mon Mar 28 22:52:40 BRT 2022ms: 139.Possui direito a Férias
Mon Apr 04 21:57:38 BRT 2022ms: 958.Cálculo de Salário por Hora
Mon Apr 04 21:57:39 BRT 2022ms: 20.Férias calculadas
Mon Apr 04 21:57:39 BRT 2022ms: 23.Cálculo de Salário Fixo
Mon Apr 04 21:57:39 BRT 2022ms: 23.Férias calculadas
Mon Apr 04 21:57:39 BRT 2022ms: 26.Férias não calculadas
Mon Apr 04 21:57:39 BRT 2022ms: 27.Cálculo de Salário por Comissão
Mon Apr 04 21:57:39 BRT 2022ms: 28.Férias não calculadas
Mon Apr 04 21:57:39 BRT 2022ms: 28.Cálculo de Salário Fixo
Mon Apr 04 21:57:39 BRT 2022ms: 29.Férias calculadas
